<?xml version="1.0" encoding="UTF-8"?>
<testsuite xmlns:xsi="http://www.w3.org/2001/XMLSchema-instance" xsi:noNamespaceSchemaLocation="https://maven.apache.org/surefire/maven-surefire-plugin/xsd/surefire-test-report.xsd" version="3.0.2" name="com.espe.ubk.UbkApplicationTests" time="5.407" tests="1" errors="0" skipped="0" failures="0">
  <properties>
[...]
</properties>
  <testcase name="contextLoads" classname="com.espe.ubk.UbkApplicationTests" time="0.271">
    <system-out><![CDATA[17:31:08.474 [main] INFO org.springframework.test.context.support.AnnotationConfigContextLoaderUtils -- Could not detect default configuration classes for test class [com.espe.ubk.UbkApplicationTests]: UbkApplicationTests does not declare any static, non-private, non-final, nested classes annotated with @Configuration.
17:31:08.563 [main] INFO org.springframework.boot.test.context.SpringBootTestContextBootstrapper -- Found @SpringBootConfiguration com.espe.ubk.UbkApplication for test class com.espe.ubk.UbkApplicationTests
17:31:08.689 [main] INFO org.springframework.boot.devtools.restart.RestartApplicationListener -- Restart disabled due to context in which it is running

  .   ____          _            __ _ _
 /\\ / ___'_ __ _ _(_)_ __  __ _ \ \ \ \
( ( )\___ | '_ | '_| | '_ \/ _` | \ \ \ \
 \\/  ___)| |_)| | | | | || (_| |  ) ) ) )
  '  |____| .__|_| |_|_| |_\__, | / / / /
 =========|_|==============|___/=/_/_/_/

 :: Spring Boot ::                (v3.5.4)

2025-08-15T17:31:08.938-05:00  INFO 5272 --- [productos_api] [           main] com.espe.ubk.UbkApplicationTests         : Starting UbkApplicationTests using Java 18.0.2.1 with PID 5272 (started by User in C:\Users\User\OneDrive\Desktop\SEMESTRE\WEB AVANZADO\parcial3\ubk)
2025-08-15T17:31:08.939-05:00  INFO 5272 --- [productos_api] [           main] com.espe.ubk.UbkApplicationTests         : No active profile set, falling back to 1 default profile: "default"
2025-08-15T17:31:09.875-05:00  INFO 5272 --- [productos_api] [           main] .s.d.r.c.RepositoryConfigurationDelegate : Bootstrapping Spring Data JPA repositories in DEFAULT mode.
2025-08-15T17:31:09.934-05:00  INFO 5272 --- [productos_api] [           main] .s.d.r.c.RepositoryConfigurationDelegate : Finished Spring Data repository scanning in 49 ms. Found 2 JPA repository interfaces.
2025-08-15T17:31:10.373-05:00  INFO 5272 --- [productos_api] [           main] o.hibernate.jpa.internal.util.LogHelper  : HHH000204: Processing PersistenceUnitInfo [name: default]
2025-08-15T17:31:10.485-05:00  INFO 5272 --- [productos_api] [           main] org.hibernate.Version                    : HHH000412: Hibernate ORM core version 6.6.22.Final
2025-08-15T17:31:10.539-05:00  INFO 5272 --- [productos_api] [           main] o.h.c.internal.RegionFactoryInitiator    : HHH000026: Second-level cache disabled
2025-08-15T17:31:10.940-05:00  INFO 5272 --- [productos_api] [           main] o.s.o.j.p.SpringPersistenceUnitInfo      : No LoadTimeWeaver setup: ignoring JPA class transformer
2025-08-15T17:31:10.972-05:00  INFO 5272 --- [productos_api] [           main] com.zaxxer.hikari.HikariDataSource       : HikariPool-1 - Starting...
2025-08-15T17:31:11.237-05:00  INFO 5272 --- [productos_api] [           main] com.zaxxer.hikari.pool.HikariPool        : HikariPool-1 - Added connection com.mysql.cj.jdbc.ConnectionImpl@422ba9b7
2025-08-15T17:31:11.238-05:00  INFO 5272 --- [productos_api] [           main] com.zaxxer.hikari.HikariDataSource       : HikariPool-1 - Start completed.
2025-08-15T17:31:11.278-05:00  WARN 5272 --- [productos_api] [           main] org.hibernate.orm.deprecation            : HHH90000025: MySQL8Dialect does not need to be specified explicitly using 'hibernate.dialect' (remove the property setting and it will be selected by default)
2025-08-15T17:31:11.279-05:00  WARN 5272 --- [productos_api] [           main] org.hibernate.orm.deprecation            : HHH90000026: MySQL8Dialect has been deprecated; use org.hibernate.dialect.MySQLDialect instead
2025-08-15T17:31:11.299-05:00  INFO 5272 --- [productos_api] [           main] org.hibernate.orm.connections.pooling    : HHH10001005: Database info:
	Database JDBC URL [Connecting through datasource 'HikariDataSource (HikariPool-1)']
	Database driver: undefined/unknown
	Database version: 8.0
	Autocommit mode: undefined/unknown
	Isolation level: undefined/unknown
	Minimum pool size: undefined/unknown
	Maximum pool size: undefined/unknown
2025-08-15T17:31:12.086-05:00  INFO 5272 --- [productos_api] [           main] o.h.e.t.j.p.i.JtaPlatformInitiator       : HHH000489: No JTA platform available (set 'hibernate.transaction.jta.platform' to enable JTA platform integration)
2025-08-15T17:31:12.087-05:00  INFO 5272 --- [productos_api] [           main] j.LocalContainerEntityManagerFactoryBean : Initialized JPA EntityManagerFactory for persistence unit 'default'
2025-08-15T17:31:12.729-05:00  WARN 5272 --- [productos_api] [           main] JpaBaseConfiguration$JpaWebConfiguration : spring.jpa.open-in-view is enabled by default. Therefore, database queries may be performed during view rendering. Explicitly configure spring.jpa.open-in-view to disable this warning
2025-08-15T17:31:13.331-05:00  INFO 5272 --- [productos_api] [           main] o.s.b.a.e.web.EndpointLinksResolver      : Exposing 1 endpoint beneath base path '/actuator'
2025-08-15T17:31:13.430-05:00  INFO 5272 --- [productos_api] [           main] com.espe.ubk.UbkApplicationTests         : Started UbkApplicationTests in 4.749 seconds (process running for 5.529)
]]></system-out>
  </testcase>
</testsuite>